SF:lib/src/shaders.dart
DA:8,2
DA:9,2
DA:14,2
DA:15,2
DA:18,2
DA:19,2
LF:6
LH:6
end_of_record
SF:lib/src/glassify.dart
DA:34,1
DA:49,1
DA:50,1
DA:55,1
DA:57,1
DA:59,0
DA:65,0
DA:68,1
DA:69,1
DA:70,2
DA:72,2
DA:77,2
DA:83,1
DA:97,1
DA:99,1
DA:100,1
DA:101,1
DA:102,1
DA:103,1
DA:104,1
DA:108,0
DA:114,0
DA:115,0
DA:116,0
DA:117,0
DA:123,1
DA:134,3
DA:135,0
DA:140,0
DA:141,0
DA:142,0
DA:143,0
DA:149,0
DA:150,0
DA:151,0
DA:152,0
DA:156,0
DA:157,0
DA:158,0
DA:159,0
DA:163,0
DA:164,0
DA:165,0
DA:166,0
DA:175,1
DA:177,1
DA:179,1
DA:184,1
DA:185,1
DA:187,2
DA:189,1
DA:192,0
DA:195,2
DA:198,1
DA:199,1
DA:200,1
DA:201,1
DA:203,1
DA:204,1
DA:205,1
DA:206,2
DA:207,2
DA:208,2
DA:209,2
DA:210,1
DA:211,1
DA:212,1
DA:213,1
DA:219,1
DA:221,1
DA:224,1
DA:225,0
DA:226,0
DA:230,1
DA:232,2
DA:233,2
DA:234,1
DA:235,1
DA:242,1
DA:256,2
DA:257,1
DA:258,2
DA:259,0
DA:260,0
DA:264,2
DA:265,1
DA:266,2
DA:267,0
DA:268,0
DA:272,2
DA:273,1
DA:274,2
DA:275,0
DA:276,0
DA:280,2
DA:281,1
DA:282,2
DA:283,0
DA:284,0
DA:288,2
DA:289,1
DA:290,2
DA:291,0
DA:292,0
DA:302,1
DA:304,1
DA:306,1
DA:307,2
DA:308,2
DA:309,1
DA:311,1
DA:314,1
DA:315,1
DA:318,1
DA:319,2
DA:320,2
DA:321,1
DA:324,1
DA:326,1
DA:329,1
DA:330,2
DA:331,2
DA:334,1
DA:335,2
DA:337,3
DA:338,2
DA:341,1
DA:342,1
DA:344,3
DA:345,3
DA:347,2
DA:348,1
DA:349,1
DA:351,2
DA:352,4
DA:353,4
DA:357,1
DA:358,1
DA:360,7
DA:363,2
DA:364,1
DA:365,1
DA:366,1
DA:368,1
DA:372,1
DA:375,1
DA:378,1
DA:381,1
DA:384,1
DA:385,2
DA:386,2
DA:387,5
DA:388,5
DA:389,3
DA:390,4
DA:391,4
DA:392,4
DA:393,4
DA:394,3
DA:395,3
DA:396,3
DA:397,3
DA:398,3
DA:399,5
DA:400,5
DA:401,3
DA:402,3
DA:403,3
DA:406,1
DA:408,2
DA:409,2
DA:410,2
DA:411,2
DA:412,1
LF:174
LH:137
end_of_record
SF:lib/src/liquid_glass.dart
DA:42,0
DA:57,0
DA:89,0
DA:91,0
DA:93,0
DA:94,0
DA:95,0
DA:96,0
DA:97,0
DA:98,0
DA:99,0
DA:103,0
DA:105,0
DA:106,0
DA:107,0
DA:108,0
DA:109,0
DA:110,0
DA:111,0
DA:120,0
DA:130,0
DA:132,0
DA:133,0
DA:134,0
DA:138,0
DA:144,0
DA:145,0
DA:151,0
DA:158,0
DA:159,0
DA:160,0
DA:161,0
DA:162,0
DA:163,0
DA:167,0
DA:168,0
DA:169,0
DA:170,0
DA:171,0
DA:172,0
DA:175,0
DA:177,0
DA:179,0
DA:182,0
DA:184,0
DA:185,0
DA:188,0
DA:190,0
DA:192,0
DA:193,0
DA:196,0
DA:200,0
DA:201,0
DA:202,0
DA:205,0
DA:206,0
DA:207,0
DA:210,0
DA:212,0
DA:214,0
DA:217,0
DA:220,0
DA:221,0
DA:224,0
DA:225,0
DA:227,0
DA:230,0
DA:231,0
DA:232,0
DA:233,0
DA:234,0
DA:235,0
DA:237,0
DA:244,0
DA:246,0
DA:248,0
LF:76
LH:0
end_of_record
SF:lib/src/liquid_glass_layer.dart
DA:58,0
DA:73,0
DA:74,0
DA:79,0
DA:81,0
DA:83,0
DA:89,0
DA:92,0
DA:93,0
DA:94,0
DA:96,0
DA:101,0
DA:107,0
DA:121,0
DA:123,0
DA:124,0
DA:125,0
DA:126,0
DA:127,0
DA:128,0
DA:132,0
DA:138,0
DA:139,0
DA:140,0
DA:141,0
DA:150,0
DA:161,0
DA:162,0
DA:167,0
DA:172,0
DA:173,0
DA:174,0
DA:175,0
DA:181,0
DA:182,0
DA:183,0
DA:184,0
DA:188,0
DA:189,0
DA:190,0
DA:191,0
DA:195,0
DA:196,0
DA:197,0
DA:198,0
DA:207,0
DA:208,0
DA:209,0
DA:213,0
DA:214,0
DA:215,0
DA:217,0
DA:218,0
DA:222,0
DA:223,0
DA:224,0
DA:225,0
DA:226,0
DA:227,0
DA:231,0
DA:232,0
DA:234,0
DA:235,0
DA:239,0
DA:241,0
DA:243,0
DA:246,0
DA:249,0
DA:250,0
DA:251,0
DA:252,0
DA:258,0
DA:266,0
DA:268,0
DA:270,0
DA:271,0
DA:272,0
DA:273,0
DA:277,0
DA:279,0
DA:280,0
DA:281,0
DA:282,0
DA:283,0
DA:284,0
DA:285,0
DA:286,0
DA:287,0
DA:288,0
DA:289,0
DA:290,0
DA:291,0
DA:292,0
DA:293,0
DA:295,0
DA:296,0
DA:297,0
DA:299,0
DA:300,0
DA:301,0
DA:302,0
DA:303,0
DA:304,0
DA:305,0
DA:308,0
DA:310,0
DA:312,0
DA:313,0
DA:314,0
DA:316,0
DA:317,0
DA:326,0
DA:329,0
DA:331,0
DA:332,0
DA:333,0
DA:334,0
DA:337,0
DA:343,0
DA:344,0
DA:346,0
DA:349,0
DA:353,0
DA:359,0
DA:364,0
DA:366,0
DA:369,0
DA:373,0
DA:374,0
LF:129
LH:0
end_of_record
SF:lib/src/liquid_glass_settings.dart
DA:9,5
DA:86,1
DA:99,1
DA:100,0
DA:101,0
DA:102,1
DA:103,1
DA:104,1
DA:105,1
DA:106,1
DA:107,1
DA:108,1
DA:109,1
DA:110,1
DA:113,0
DA:114,0
DA:115,0
DA:116,0
DA:117,0
DA:118,0
DA:119,0
DA:120,0
DA:121,0
DA:122,0
DA:123,0
DA:124,0
DA:125,0
LF:27
LH:12
end_of_record
SF:lib/src/liquid_shape.dart
DA:7,0
DA:12,0
DA:14,0
DA:20,0
DA:22,0
DA:28,0
DA:30,0
DA:33,0
DA:34,0
DA:42,0
DA:52,0
DA:53,0
DA:54,0
DA:55,0
DA:58,0
DA:63,0
DA:64,0
DA:65,0
DA:69,0
DA:71,0
DA:72,0
DA:73,0
DA:77,0
DA:78,0
DA:86,0
DA:88,0
DA:91,0
DA:93,0
DA:94,0
DA:98,0
DA:100,0
DA:101,0
DA:112,0
DA:122,0
DA:123,0
DA:124,0
DA:125,0
DA:128,0
DA:133,0
DA:134,0
DA:135,0
DA:139,0
DA:141,0
DA:142,0
DA:143,0
DA:147,0
DA:148,0
LF:47
LH:0
end_of_record
SF:lib/src/raw_shapes.dart
DA:18,1
DA:25,0
DA:31,0
DA:32,0
DA:33,0
DA:37,0
DA:39,0
DA:40,0
DA:46,0
DA:47,0
DA:48,0
DA:52,0
DA:69,0
DA:70,0
DA:72,0
DA:74,0
DA:75,0
DA:78,0
DA:80,0
LF:19
LH:1
end_of_record
