SF:lib/src/internal/multi_shader_builder.dart
DA:46,0
DA:62,0
DA:64,0
DA:72,1
DA:73,2
DA:74,0
DA:76,2
DA:77,1
DA:78,2
DA:80,1
DA:81,1
DA:82,1
DA:93,1
DA:94,1
DA:95,1
DA:104,2
DA:105,1
DA:107,0
DA:109,0
DA:110,0
DA:113,0
DA:115,0
DA:116,0
DA:117,0
DA:121,0
DA:122,0
DA:123,0
DA:126,0
DA:127,0
DA:128,0
DA:129,0
DA:130,0
DA:132,0
DA:137,0
DA:142,0
DA:143,0
DA:144,0
DA:145,0
DA:148,0
DA:149,0
DA:150,0
DA:151,0
DA:154,0
DA:155,0
DA:156,0
DA:163,0
DA:166,0
DA:167,0
DA:171,0
DA:173,0
LF:50
LH:13
end_of_record
SF:lib/src/shaders.dart
DA:8,2
DA:9,2
DA:17,2
DA:18,2
DA:20,2
DA:21,2
DA:23,2
DA:24,2
DA:26,2
DA:27,2
DA:29,2
DA:30,2
DA:32,2
DA:33,2
DA:36,0
DA:37,0
LF:16
LH:14
end_of_record
SF:lib/src/fake_glass.dart
DA:19,1
DA:28,1
DA:46,1
DA:48,2
DA:52,3
DA:53,1
DA:54,1
DA:55,1
DA:56,1
DA:57,2
DA:58,1
DA:62,1
DA:63,2
DA:64,1
DA:65,1
DA:69,1
DA:70,2
DA:71,1
DA:72,1
DA:82,1
DA:99,1
DA:101,1
DA:102,1
DA:103,1
DA:104,1
DA:105,1
DA:109,0
DA:112,0
DA:114,0
DA:115,0
DA:116,0
DA:117,0
DA:123,1
DA:134,2
DA:135,0
DA:136,0
DA:137,0
DA:138,0
DA:142,2
DA:143,0
DA:144,0
DA:145,0
DA:146,0
DA:150,2
DA:151,0
DA:152,0
DA:153,0
DA:154,0
DA:158,0
DA:159,0
DA:160,0
DA:161,0
DA:162,0
DA:165,1
DA:168,1
DA:169,1
DA:171,1
DA:173,1
DA:174,2
DA:175,2
DA:179,2
DA:184,1
DA:190,2
DA:191,1
DA:192,1
DA:193,2
DA:195,1
DA:197,1
DA:199,1
DA:200,0
DA:202,4
DA:207,0
DA:210,4
DA:211,1
DA:217,1
DA:218,2
DA:221,1
DA:223,1
DA:225,3
DA:228,2
DA:229,1
DA:230,2
DA:232,2
DA:235,0
DA:236,0
DA:243,0
DA:252,0
DA:254,0
DA:255,0
DA:256,0
DA:257,0
DA:262,0
DA:263,0
DA:265,0
DA:266,0
DA:267,0
DA:270,0
DA:276,1
DA:279,1
DA:280,1
DA:281,3
DA:284,3
DA:285,3
DA:287,1
DA:288,1
DA:291,2
DA:293,1
DA:294,1
DA:297,1
DA:302,4
DA:305,4
DA:309,2
DA:312,2
DA:316,2
DA:318,1
DA:319,1
DA:321,1
DA:322,1
DA:325,1
DA:328,1
DA:329,1
DA:331,1
DA:332,3
DA:333,1
DA:335,1
DA:336,1
DA:337,1
DA:338,1
DA:339,2
DA:340,4
DA:341,1
DA:342,1
DA:344,1
DA:345,1
DA:346,4
DA:347,1
DA:348,4
DA:349,1
DA:350,1
LF:139
LH:100
end_of_record
SF:lib/src/glass_glow.dart
DA:12,0
DA:42,0
DA:44,0
DA:45,0
DA:46,0
DA:47,0
DA:48,0
DA:49,0
DA:50,0
DA:54,0
DA:55,0
DA:57,0
DA:58,0
DA:59,0
DA:60,0
DA:64,0
DA:65,0
DA:79,1
DA:87,1
DA:88,1
DA:90,0
DA:93,0
DA:94,0
DA:101,2
DA:111,2
DA:116,2
DA:126,1
DA:128,2
DA:129,2
DA:130,2
DA:131,1
DA:134,0
DA:139,0
DA:140,0
DA:141,0
DA:144,0
DA:145,0
DA:146,0
DA:148,0
DA:149,0
DA:152,0
DA:155,0
DA:156,0
DA:157,0
DA:158,0
DA:159,0
DA:160,0
DA:161,0
DA:162,0
DA:165,1
DA:167,1
DA:168,2
DA:169,1
DA:170,1
DA:171,1
DA:173,1
DA:174,1
DA:175,4
DA:176,2
DA:177,5
DA:179,2
DA:183,2
DA:189,1
DA:200,1
DA:202,1
DA:203,1
DA:204,1
DA:205,1
DA:209,0
DA:215,0
DA:216,0
DA:217,0
DA:222,1
DA:231,0
DA:232,0
DA:233,0
DA:234,0
DA:235,0
DA:239,0
DA:240,0
DA:241,0
DA:242,0
DA:243,0
DA:247,0
DA:248,0
DA:249,0
DA:250,0
DA:251,0
DA:254,1
DA:256,3
DA:258,1
DA:262,0
DA:264,0
DA:266,0
DA:267,0
DA:268,0
DA:269,0
DA:274,0
DA:276,0
DA:277,0
DA:278,0
DA:280,0
DA:283,0
DA:288,0
DA:289,0
LF:105
LH:34
end_of_record
SF:lib/src/liquid_glass.dart
DA:37,0
DA:58,1
DA:76,0
DA:94,0
DA:145,1
DA:147,1
DA:150,1
DA:151,1
DA:155,1
DA:157,1
DA:158,1
DA:160,1
DA:164,1
DA:166,1
DA:168,1
DA:169,1
DA:175,0
DA:178,0
DA:179,0
DA:180,0
DA:184,0
DA:185,0
DA:191,0
DA:193,0
DA:194,0
DA:196,0
DA:202,0
DA:212,1
DA:213,2
DA:216,1
DA:217,1
DA:218,1
DA:222,1
DA:226,0
DA:228,0
DA:233,1
DA:235,1
DA:236,2
DA:238,1
DA:244,1
DA:245,1
DA:247,1
DA:248,0
DA:249,0
DA:250,0
DA:254,1
DA:255,1
DA:256,1
DA:257,1
DA:258,1
DA:259,2
DA:260,1
DA:261,1
DA:262,2
DA:263,1
DA:264,1
DA:273,1
DA:286,1
DA:288,1
DA:289,1
DA:290,1
DA:291,1
DA:295,0
DA:301,0
DA:302,0
DA:303,0
DA:310,1
DA:319,2
DA:320,0
DA:321,0
DA:322,0
DA:323,0
DA:324,0
DA:328,2
DA:329,0
DA:330,0
DA:331,0
DA:332,0
DA:336,0
DA:337,0
DA:338,0
DA:339,0
DA:340,0
DA:345,1
DA:347,1
DA:348,1
DA:351,1
DA:353,1
DA:354,2
DA:355,1
DA:358,1
DA:359,1
DA:360,2
DA:362,1
DA:363,1
DA:368,1
DA:369,2
DA:372,0
DA:373,0
DA:375,0
DA:376,0
DA:382,1
DA:384,1
DA:386,5
DA:387,2
DA:390,0
DA:392,0
DA:395,1
DA:398,1
DA:401,1
DA:406,1
DA:407,3
DA:408,1
DA:412,2
DA:417,1
DA:418,1
LF:116
LH:73
end_of_record
SF:lib/src/internal/transform_tracking_repaint_boundary_mixin.dart
DA:8,0
DA:10,0
DA:12,0
DA:15,0
DA:19,0
DA:23,0
DA:24,0
DA:25,0
DA:26,0
DA:33,0
DA:36,0
DA:37,0
DA:45,3
DA:47,3
DA:49,3
DA:53,3
DA:56,3
DA:59,3
DA:60,9
DA:61,3
DA:64,3
DA:65,6
DA:66,3
DA:67,3
DA:68,0
DA:69,0
DA:79,1
DA:85,1
DA:88,1
DA:90,2
DA:91,2
DA:92,0
DA:93,0
LF:33
LH:17
end_of_record
SF:lib/src/liquid_glass_blend_group.dart
DA:20,1
DA:42,1
DA:43,1
DA:44,1
DA:45,1
DA:50,1
DA:51,1
DA:52,0
DA:55,1
DA:56,1
DA:60,2
DA:62,1
DA:64,2
DA:65,1
DA:68,1
DA:70,2
DA:73,0
DA:74,0
DA:75,0
DA:79,1
DA:80,1
DA:81,1
DA:82,2
DA:83,2
DA:85,1
DA:86,1
DA:87,2
DA:90,1
DA:91,2
DA:98,1
DA:105,1
DA:107,1
DA:110,0
DA:112,0
DA:113,0
DA:118,1
DA:133,1
DA:135,1
DA:136,1
DA:137,1
DA:138,1
DA:139,1
DA:140,1
DA:141,1
DA:145,0
DA:151,0
DA:152,0
DA:153,0
DA:154,0
DA:162,1
DA:171,2
DA:177,2
DA:179,0
DA:180,0
DA:181,0
DA:182,0
DA:183,0
DA:184,0
DA:188,2
DA:189,0
DA:190,0
DA:191,0
DA:192,0
DA:193,0
DA:194,0
DA:197,1
DA:199,1
DA:200,1
DA:203,0
DA:205,0
DA:206,0
DA:209,1
DA:214,3
DA:215,2
DA:216,1
DA:217,1
DA:218,1
DA:219,2
DA:224,1
DA:228,2
DA:229,0
DA:235,3
DA:236,3
DA:237,2
DA:238,2
DA:239,2
DA:241,3
DA:242,4
DA:243,4
DA:244,4
DA:245,4
DA:246,4
DA:251,1
DA:253,1
DA:254,2
DA:257,5
DA:264,1
DA:265,1
DA:267,4
DA:268,2
DA:271,1
DA:276,1
DA:278,0
DA:279,1
DA:282,2
DA:286,0
DA:287,0
DA:291,0
DA:296,3
DA:302,1
DA:309,3
DA:310,1
DA:311,1
DA:312,2
DA:316,1
DA:318,1
DA:324,1
DA:329,1
DA:330,0
DA:336,1
DA:337,0
DA:344,1
DA:346,1
DA:348,2
DA:351,1
DA:367,1
DA:373,1
DA:376,3
DA:379,0
DA:382,1
DA:387,2
DA:388,1
DA:392,1
DA:393,2
DA:394,1
DA:398,0
DA:403,0
DA:404,0
DA:408,1
DA:409,2
DA:410,1
DA:414,1
DA:416,2
DA:417,1
LF:144
LH:106
end_of_record
SF:lib/src/liquid_glass_settings.dart
DA:11,1
DA:27,0
DA:36,0
DA:38,0
DA:40,0
DA:41,0
DA:53,1
DA:54,2
DA:68,1
DA:69,6
DA:77,4
DA:87,4
DA:97,4
DA:110,4
DA:118,4
DA:134,6
DA:137,0
DA:150,0
DA:151,0
DA:152,0
DA:153,0
DA:154,0
DA:155,0
DA:156,0
DA:157,0
DA:158,0
DA:159,0
DA:160,0
DA:163,0
DA:164,0
DA:165,0
DA:166,0
DA:167,0
DA:168,0
DA:169,0
DA:170,0
DA:171,0
DA:172,0
DA:173,0
DA:174,0
LF:40
LH:11
end_of_record
SF:lib/src/liquid_shape.dart
DA:7,1
DA:12,0
DA:14,0
DA:20,1
DA:22,2
DA:28,0
DA:30,0
DA:33,0
DA:34,0
DA:42,0
DA:52,0
DA:53,0
DA:54,0
DA:55,0
DA:58,0
DA:63,0
DA:64,0
DA:65,0
DA:69,0
DA:71,0
DA:72,0
DA:73,0
DA:77,0
DA:78,0
DA:86,1
DA:88,1
DA:91,0
DA:93,0
DA:94,0
DA:98,0
DA:100,0
DA:101,0
DA:112,0
DA:122,0
DA:123,0
DA:124,0
DA:125,0
DA:128,0
DA:133,0
DA:134,0
DA:135,0
DA:139,0
DA:141,0
DA:142,0
DA:143,0
DA:147,0
DA:148,0
LF:47
LH:5
end_of_record
SF:lib/src/logging.dart
DA:19,0
DA:21,0
DA:26,0
DA:29,0
DA:30,0
DA:31,0
DA:33,0
DA:34,0
DA:36,0
DA:44,0
DA:45,0
DA:56,0
DA:57,0
DA:61,0
DA:62,0
DA:63,0
DA:64,0
DA:65,0
DA:67,0
DA:73,0
DA:74,0
DA:75,0
LF:22
LH:0
end_of_record
SF:lib/src/rendering/liquid_glass_layer.dart
DA:72,1
DA:106,1
DA:107,1
DA:112,2
DA:116,1
DA:118,2
DA:119,1
DA:122,1
DA:124,3
DA:125,1
DA:126,0
DA:134,1
DA:135,2
DA:137,1
DA:138,1
DA:139,3
DA:144,1
DA:145,1
DA:146,2
DA:147,1
DA:148,1
DA:149,1
DA:150,1
DA:151,2
DA:153,2
DA:154,0
DA:156,2
DA:157,1
DA:160,2
DA:169,1
DA:182,1
DA:184,1
DA:185,1
DA:186,1
DA:187,1
DA:188,1
DA:189,1
DA:193,0
DA:199,0
DA:200,0
DA:201,0
DA:202,0
DA:209,1
DA:222,0
DA:223,0
DA:224,0
DA:225,0
DA:229,1
DA:230,1
DA:232,0
DA:234,0
DA:235,0
DA:238,1
DA:245,1
DA:246,3
DA:247,2
DA:248,2
DA:250,2
DA:251,2
DA:254,3
DA:255,3
DA:257,1
DA:258,2
DA:259,1
DA:261,1
DA:262,1
DA:264,1
DA:267,2
DA:269,1
DA:270,1
DA:274,1
DA:275,1
DA:277,1
DA:279,1
DA:289,2
DA:291,3
DA:292,1
DA:295,1
DA:296,1
DA:298,1
DA:299,1
DA:309,2
DA:313,1
DA:315,2
DA:316,2
DA:317,2
DA:318,2
DA:319,1
LF:88
LH:74
end_of_record
SF:lib/src/stretch.dart
DA:17,0
DA:64,0
DA:66,0
DA:67,0
DA:70,0
DA:71,0
DA:72,0
DA:73,0
DA:74,0
DA:80,0
DA:84,0
DA:85,0
DA:90,0
DA:91,0
DA:98,0
DA:115,0
DA:124,0
DA:126,0
DA:129,0
DA:134,0
DA:140,0
DA:147,0
DA:148,0
DA:149,0
DA:152,0
DA:153,0
DA:156,0
DA:158,0
DA:161,0
DA:163,0
DA:165,0
DA:168,0
DA:171,0
DA:172,0
DA:177,0
DA:179,0
DA:183,0
DA:185,0
DA:190,0
DA:191,0
DA:192,0
DA:196,0
DA:197,0
DA:201,0
DA:205,0
DA:207,0
DA:209,0
DA:213,0
DA:214,0
DA:218,0
DA:219,0
DA:220,0
DA:223,0
DA:225,0
DA:227,0
DA:232,0
DA:237,0
DA:241,0
DA:242,0
DA:245,0
DA:246,0
DA:252,0
DA:253,0
DA:256,0
DA:257,0
DA:259,0
DA:260,0
DA:261,0
DA:263,0
DA:264,0
DA:266,0
DA:280,0
DA:281,0
DA:283,0
DA:284,0
DA:286,0
DA:287,0
DA:289,0
LF:78
LH:0
end_of_record
SF:lib/src/internal/optimized_clip.dart
DA:12,1
DA:25,1
DA:27,1
DA:29,0
DA:30,1
DA:31,0
DA:33,0
DA:35,1
DA:36,0
DA:38,0
DA:40,1
DA:41,0
DA:42,0
DA:44,1
DA:45,0
DA:46,0
DA:48,1
DA:49,1
DA:50,1
DA:53,1
LF:20
LH:11
end_of_record
SF:lib/src/internal/glass_drag_builder.dart
DA:6,0
DA:19,0
DA:20,0
DA:26,0
DA:28,0
DA:30,0
DA:31,0
DA:32,0
DA:33,0
DA:34,0
DA:35,0
DA:38,0
DA:39,0
DA:40,0
DA:41,0
DA:44,0
DA:45,0
DA:46,0
DA:47,0
DA:50,0
LF:20
LH:0
end_of_record
SF:lib/src/internal/render_liquid_glass_geometry.dart
DA:42,1
DA:50,1
DA:65,0
DA:66,0
DA:67,0
DA:69,0
DA:70,0
DA:71,0
DA:74,0
DA:75,0
DA:76,0
DA:84,2
DA:85,0
DA:86,0
DA:87,0
DA:88,0
DA:89,0
DA:90,0
DA:94,0
DA:95,0
DA:96,0
DA:97,0
DA:98,0
DA:99,0
DA:117,1
DA:123,2
DA:124,1
DA:126,1
DA:132,1
DA:135,2
DA:136,1
DA:139,1
DA:142,2
DA:143,1
DA:146,1
DA:149,2
DA:150,2
DA:151,1
DA:152,1
DA:183,1
DA:186,1
DA:187,2
DA:188,1
DA:189,2
DA:191,2
DA:198,1
DA:199,3
DA:200,1
DA:203,1
DA:205,2
DA:207,0
DA:208,0
DA:209,0
DA:212,0
DA:213,0
DA:214,0
DA:217,4
DA:219,1
DA:220,1
DA:221,1
DA:223,1
DA:227,2
DA:228,1
DA:229,3
DA:230,3
DA:231,3
DA:232,3
DA:233,1
DA:236,2
DA:237,1
DA:241,1
DA:245,2
DA:249,1
DA:253,2
DA:255,4
DA:256,4
DA:258,3
DA:260,2
DA:261,2
DA:264,1
DA:266,1
DA:267,1
DA:268,3
DA:270,4
DA:271,4
DA:276,3
DA:277,1
DA:278,1
DA:281,1
DA:282,1
DA:287,1
DA:294,1
DA:334,1
DA:345,0
DA:347,0
DA:348,0
DA:349,0
DA:351,0
DA:353,0
DA:354,0
DA:355,0
DA:356,0
DA:360,0
DA:362,0
DA:363,0
DA:364,0
DA:366,0
DA:367,0
DA:369,0
DA:370,0
DA:371,0
DA:372,0
DA:377,1
DA:379,2
DA:388,0
DA:399,0
DA:402,0
DA:403,0
DA:406,0
DA:408,0
DA:413,0
DA:416,0
DA:417,0
DA:432,1
DA:434,1
DA:436,1
DA:438,0
DA:450,1
DA:456,1
DA:457,1
DA:459,1
DA:461,1
DA:462,0
DA:463,1
DA:464,0
DA:465,1
DA:485,0
DA:486,0
DA:487,0
DA:488,0
DA:489,0
DA:490,0
LF:142
LH:78
end_of_record
SF:lib/src/internal/snap_rect_to_pixels.dart
DA:6,1
DA:7,1
DA:8,2
DA:9,2
DA:10,2
DA:11,2
DA:17,1
DA:18,3
LF:8
LH:8
end_of_record
SF:lib/src/rendering/liquid_glass_render_object.dart
DA:20,1
DA:30,1
DA:33,3
DA:43,2
DA:44,0
DA:45,0
DA:46,0
DA:47,0
DA:51,2
DA:52,0
DA:53,0
DA:54,0
DA:55,0
DA:56,0
DA:60,2
DA:61,0
DA:62,0
DA:63,0
DA:67,2
DA:68,0
DA:69,0
DA:70,0
DA:71,0
DA:74,0
DA:75,0
DA:84,1
DA:87,1
DA:90,1
DA:93,1
DA:96,1
DA:98,1
DA:99,1
DA:102,1
DA:103,3
DA:105,3
DA:106,2
DA:107,2
DA:108,2
DA:109,2
DA:110,2
DA:111,2
DA:112,2
DA:114,1
DA:115,1
DA:116,3
DA:117,3
DA:125,0
DA:126,0
DA:130,1
DA:133,4
DA:134,3
DA:137,1
DA:141,3
DA:142,1
DA:146,1
DA:147,1
DA:149,1
DA:151,1
DA:155,0
DA:159,0
DA:161,0
DA:165,1
DA:167,3
DA:168,0
DA:169,0
DA:175,0
DA:181,0
DA:185,1
DA:186,2
DA:187,1
DA:188,2
DA:190,1
DA:192,1
DA:197,1
DA:198,1
DA:202,0
DA:203,0
DA:209,0
DA:216,1
DA:217,1
DA:218,2
DA:220,5
DA:221,5
DA:223,1
DA:224,1
DA:228,1
DA:233,1
DA:236,1
DA:237,2
DA:238,1
DA:250,1
DA:257,2
DA:258,1
DA:267,0
DA:268,0
DA:269,0
DA:270,0
DA:271,0
DA:272,0
DA:273,0
DA:274,0
DA:275,0
DA:276,0
DA:277,0
DA:278,0
DA:279,0
DA:281,0
DA:282,0
DA:284,0
DA:285,0
DA:287,0
DA:291,1
DA:294,1
DA:295,1
DA:303,1
DA:307,1
DA:308,1
DA:310,2
DA:312,3
DA:314,3
DA:315,3
DA:317,1
DA:319,1
DA:321,2
DA:323,1
DA:324,2
DA:325,1
DA:326,2
DA:327,2
DA:329,3
DA:330,2
DA:331,3
DA:332,1
DA:333,3
DA:334,3
DA:338,2
DA:339,1
DA:340,2
DA:342,1
DA:343,0
DA:344,0
DA:345,0
DA:347,0
DA:350,1
DA:353,1
DA:354,1
DA:355,2
DA:356,2
DA:359,3
DA:360,1
DA:369,1
DA:370,2
DA:374,1
DA:375,2
DA:376,1
DA:380,1
DA:383,1
DA:384,2
DA:387,1
DA:388,1
DA:391,1
DA:392,2
DA:395,1
DA:396,2
DA:402,1
DA:410,1
DA:412,1
DA:413,1
DA:416,0
DA:418,0
LF:170
LH:116
end_of_record
SF:lib/src/liquid_glass_render_scope.dart
DA:8,1
DA:19,1
DA:21,1
DA:23,1
DA:32,1
DA:33,1
DA:36,0
DA:38,0
DA:39,0
DA:40,0
LF:10
LH:6
end_of_record
